

Started GET "/" for 127.0.0.1 at 2012-05-10 22:30:36 +0300
  Processing by Serviceexecution::StartupController#index as HTML
Completed 500 Internal Server Error in 4ms

SystemStackError (stack level too deep):
  

Rendered C:/Ruby193/lib/ruby/gems/1.9.1/gems/actionpack-3.1.4/lib/action_dispatch/middleware/templates/rescues/_trace.erb (1.0ms)
Rendered C:/Ruby193/lib/ruby/gems/1.9.1/gems/actionpack-3.1.4/lib/action_dispatch/middleware/templates/rescues/_request_and_response.erb (1.0ms)
Rendered C:/Ruby193/lib/ruby/gems/1.9.1/gems/actionpack-3.1.4/lib/action_dispatch/middleware/templates/rescues/diagnostics.erb within rescues/layout (137.5ms)


Started GET "/" for 127.0.0.1 at 2012-05-10 22:30:37 +0300
  Processing by Serviceexecution::StartupController#index as HTML
Completed 500 Internal Server Error in 4ms

SystemStackError (stack level too deep):
  

Rendered C:/Ruby193/lib/ruby/gems/1.9.1/gems/actionpack-3.1.4/lib/action_dispatch/middleware/templates/rescues/_trace.erb (1.0ms)
Rendered C:/Ruby193/lib/ruby/gems/1.9.1/gems/actionpack-3.1.4/lib/action_dispatch/middleware/templates/rescues/_request_and_response.erb (1.0ms)
Rendered C:/Ruby193/lib/ruby/gems/1.9.1/gems/actionpack-3.1.4/lib/action_dispatch/middleware/templates/rescues/diagnostics.erb within rescues/layout (23.0ms)


Started GET "/" for 127.0.0.1 at 2012-05-10 22:31:13 +0300
  Processing by Serviceexecution::StartupController#index as HTML
Completed 500 Internal Server Error in 4ms

SystemStackError (stack level too deep):
  

Rendered C:/Ruby193/lib/ruby/gems/1.9.1/gems/actionpack-3.1.4/lib/action_dispatch/middleware/templates/rescues/_trace.erb (1.5ms)
Rendered C:/Ruby193/lib/ruby/gems/1.9.1/gems/actionpack-3.1.4/lib/action_dispatch/middleware/templates/rescues/_request_and_response.erb (1.0ms)
Rendered C:/Ruby193/lib/ruby/gems/1.9.1/gems/actionpack-3.1.4/lib/action_dispatch/middleware/templates/rescues/diagnostics.erb within rescues/layout (22.5ms)


Started GET "/" for 127.0.0.1 at 2012-05-10 22:31:19 +0300
  Processing by Serviceexecution::StartupController#index as HTML
Completed 500 Internal Server Error in 3ms

SystemStackError (stack level too deep):
  

Rendered C:/Ruby193/lib/ruby/gems/1.9.1/gems/actionpack-3.1.4/lib/action_dispatch/middleware/templates/rescues/_trace.erb (1.0ms)
Rendered C:/Ruby193/lib/ruby/gems/1.9.1/gems/actionpack-3.1.4/lib/action_dispatch/middleware/templates/rescues/_request_and_response.erb (1.0ms)
Rendered C:/Ruby193/lib/ruby/gems/1.9.1/gems/actionpack-3.1.4/lib/action_dispatch/middleware/templates/rescues/diagnostics.erb within rescues/layout (7.0ms)


Started GET "/" for 127.0.0.1 at 2012-05-10 22:31:20 +0300
  Processing by Serviceexecution::StartupController#index as HTML
Completed 500 Internal Server Error in 3ms

SystemStackError (stack level too deep):
  

Rendered C:/Ruby193/lib/ruby/gems/1.9.1/gems/actionpack-3.1.4/lib/action_dispatch/middleware/templates/rescues/_trace.erb (1.0ms)
Rendered C:/Ruby193/lib/ruby/gems/1.9.1/gems/actionpack-3.1.4/lib/action_dispatch/middleware/templates/rescues/_request_and_response.erb (1.0ms)
Rendered C:/Ruby193/lib/ruby/gems/1.9.1/gems/actionpack-3.1.4/lib/action_dispatch/middleware/templates/rescues/diagnostics.erb within rescues/layout (6.0ms)


Started GET "/" for 127.0.0.1 at 2012-05-10 22:31:40 +0300
  Processing by Serviceexecution::StartupController#index as HTML
Completed 500 Internal Server Error in 4ms

SystemStackError (stack level too deep):
  

Rendered C:/Ruby193/lib/ruby/gems/1.9.1/gems/actionpack-3.1.4/lib/action_dispatch/middleware/templates/rescues/_trace.erb (1.0ms)
Rendered C:/Ruby193/lib/ruby/gems/1.9.1/gems/actionpack-3.1.4/lib/action_dispatch/middleware/templates/rescues/_request_and_response.erb (1.0ms)
Rendered C:/Ruby193/lib/ruby/gems/1.9.1/gems/actionpack-3.1.4/lib/action_dispatch/middleware/templates/rescues/diagnostics.erb within rescues/layout (29.5ms)


Started GET "/" for 127.0.0.1 at 2012-05-10 22:32:03 +0300
  Processing by Serviceexecution::StartupController#index as HTML
Completed 500 Internal Server Error in 3ms

SystemStackError (stack level too deep):
  

Rendered C:/Ruby193/lib/ruby/gems/1.9.1/gems/actionpack-3.1.4/lib/action_dispatch/middleware/templates/rescues/_trace.erb (1.0ms)
Rendered C:/Ruby193/lib/ruby/gems/1.9.1/gems/actionpack-3.1.4/lib/action_dispatch/middleware/templates/rescues/_request_and_response.erb (1.0ms)
Rendered C:/Ruby193/lib/ruby/gems/1.9.1/gems/actionpack-3.1.4/lib/action_dispatch/middleware/templates/rescues/diagnostics.erb within rescues/layout (22.5ms)


Started GET "/" for 127.0.0.1 at 2012-05-10 22:34:39 +0300
  Processing by Serviceexecution::StartupController#index as HTML
Completed 500 Internal Server Error in 4ms

SystemStackError (stack level too deep):
  

Rendered C:/Ruby193/lib/ruby/gems/1.9.1/gems/actionpack-3.1.4/lib/action_dispatch/middleware/templates/rescues/_trace.erb (1.0ms)
Rendered C:/Ruby193/lib/ruby/gems/1.9.1/gems/actionpack-3.1.4/lib/action_dispatch/middleware/templates/rescues/_request_and_response.erb (1.0ms)
Rendered C:/Ruby193/lib/ruby/gems/1.9.1/gems/actionpack-3.1.4/lib/action_dispatch/middleware/templates/rescues/diagnostics.erb within rescues/layout (54.0ms)
