I, [2012-05-13T08:57:17.465116 #2787]  INFO -- : listening on addr=0.0.0.0:3000 fd=5
I, [2012-05-13T08:57:17.465516 #2787]  INFO -- : Refreshing Gem list
/usr/local/lib/ruby/1.9.1/yaml.rb:56:in `<top (required)>':
It seems your ruby installation is missing psych (for YAML output).
To eliminate this warning, please install libyaml and reinstall your ruby.
/usr/local/lib/ruby/gems/1.9.1/gems/execjs-1.3.2/lib/execjs/runtimes.rb:50:in `autodetect': Could not find a JavaScript runtime. See https://github.com/sstephenson/execjs for a list of available runtimes. (ExecJS::RuntimeUnavailable)
	from /usr/local/lib/ruby/gems/1.9.1/gems/execjs-1.3.2/lib/execjs.rb:5:in `<module:ExecJS>'
	from /usr/local/lib/ruby/gems/1.9.1/gems/execjs-1.3.2/lib/execjs.rb:4:in `<top (required)>'
	from /usr/local/lib/ruby/gems/1.9.1/gems/activesupport-3.1.4/lib/active_support/dependencies.rb:240:in `require'
	from /usr/local/lib/ruby/gems/1.9.1/gems/activesupport-3.1.4/lib/active_support/dependencies.rb:240:in `block in require'
	from /usr/local/lib/ruby/gems/1.9.1/gems/activesupport-3.1.4/lib/active_support/dependencies.rb:223:in `block in load_dependency'
	from /usr/local/lib/ruby/gems/1.9.1/gems/activesupport-3.1.4/lib/active_support/dependencies.rb:640:in `new_constants_in'
	from /usr/local/lib/ruby/gems/1.9.1/gems/activesupport-3.1.4/lib/active_support/dependencies.rb:223:in `load_dependency'
	from /usr/local/lib/ruby/gems/1.9.1/gems/activesupport-3.1.4/lib/active_support/dependencies.rb:240:in `require'
	from /usr/local/lib/ruby/gems/1.9.1/gems/coffee-script-2.2.0/lib/coffee_script.rb:1:in `<top (required)>'
	from /usr/local/lib/ruby/gems/1.9.1/gems/activesupport-3.1.4/lib/active_support/dependencies.rb:240:in `require'
	from /usr/local/lib/ruby/gems/1.9.1/gems/activesupport-3.1.4/lib/active_support/dependencies.rb:240:in `block in require'
	from /usr/local/lib/ruby/gems/1.9.1/gems/activesupport-3.1.4/lib/active_support/dependencies.rb:223:in `block in load_dependency'
	from /usr/local/lib/ruby/gems/1.9.1/gems/activesupport-3.1.4/lib/active_support/dependencies.rb:640:in `new_constants_in'
	from /usr/local/lib/ruby/gems/1.9.1/gems/activesupport-3.1.4/lib/active_support/dependencies.rb:223:in `load_dependency'
	from /usr/local/lib/ruby/gems/1.9.1/gems/activesupport-3.1.4/lib/active_support/dependencies.rb:240:in `require'
	from /usr/local/lib/ruby/gems/1.9.1/gems/coffee-script-2.2.0/lib/coffee-script.rb:1:in `<top (required)>'
	from /usr/local/lib/ruby/gems/1.9.1/gems/activesupport-3.1.4/lib/active_support/dependencies.rb:240:in `require'
	from /usr/local/lib/ruby/gems/1.9.1/gems/activesupport-3.1.4/lib/active_support/dependencies.rb:240:in `block in require'
	from /usr/local/lib/ruby/gems/1.9.1/gems/activesupport-3.1.4/lib/active_support/dependencies.rb:223:in `block in load_dependency'
	from /usr/local/lib/ruby/gems/1.9.1/gems/activesupport-3.1.4/lib/active_support/dependencies.rb:640:in `new_constants_in'
	from /usr/local/lib/ruby/gems/1.9.1/gems/activesupport-3.1.4/lib/active_support/dependencies.rb:223:in `load_dependency'
	from /usr/local/lib/ruby/gems/1.9.1/gems/activesupport-3.1.4/lib/active_support/dependencies.rb:240:in `require'
	from /usr/local/lib/ruby/gems/1.9.1/gems/coffee-rails-3.1.1/lib/coffee-rails.rb:1:in `<top (required)>'
	from /usr/local/lib/ruby/gems/1.9.1/gems/bundler-1.1.3/lib/bundler/runtime.rb:68:in `require'
	from /usr/local/lib/ruby/gems/1.9.1/gems/bundler-1.1.3/lib/bundler/runtime.rb:68:in `block (2 levels) in require'
	from /usr/local/lib/ruby/gems/1.9.1/gems/bundler-1.1.3/lib/bundler/runtime.rb:66:in `each'
	from /usr/local/lib/ruby/gems/1.9.1/gems/bundler-1.1.3/lib/bundler/runtime.rb:66:in `block in require'
	from /usr/local/lib/ruby/gems/1.9.1/gems/bundler-1.1.3/lib/bundler/runtime.rb:55:in `each'
	from /usr/local/lib/ruby/gems/1.9.1/gems/bundler-1.1.3/lib/bundler/runtime.rb:55:in `require'
	from /usr/local/lib/ruby/gems/1.9.1/gems/bundler-1.1.3/lib/bundler.rb:119:in `require'
	from /media/sf_C_DRIVE/skyfolder/config/application.rb:7:in `<top (required)>'
	from /usr/local/lib/ruby/site_ruby/1.9.1/rubygems/custom_require.rb:36:in `require'
	from /usr/local/lib/ruby/site_ruby/1.9.1/rubygems/custom_require.rb:36:in `require'
	from /media/sf_C_DRIVE/skyfolder/config/environment.rb:2:in `<top (required)>'
	from /usr/local/lib/ruby/site_ruby/1.9.1/rubygems/custom_require.rb:36:in `require'
	from /usr/local/lib/ruby/site_ruby/1.9.1/rubygems/custom_require.rb:36:in `require'
	from config.ru:4:in `block in <main>'
	from /usr/local/lib/ruby/gems/1.9.1/gems/rack-1.3.6/lib/rack/builder.rb:51:in `instance_eval'
	from /usr/local/lib/ruby/gems/1.9.1/gems/rack-1.3.6/lib/rack/builder.rb:51:in `initialize'
	from config.ru:1:in `new'
	from config.ru:1:in `<main>'
	from /usr/local/lib/ruby/gems/1.9.1/gems/unicorn-4.3.1/lib/unicorn.rb:44:in `eval'
	from /usr/local/lib/ruby/gems/1.9.1/gems/unicorn-4.3.1/lib/unicorn.rb:44:in `block in builder'
	from /usr/local/lib/ruby/gems/1.9.1/gems/unicorn-4.3.1/bin/unicorn_rails:139:in `call'
	from /usr/local/lib/ruby/gems/1.9.1/gems/unicorn-4.3.1/bin/unicorn_rails:139:in `block in rails_builder'
	from /usr/local/lib/ruby/gems/1.9.1/gems/unicorn-4.3.1/lib/unicorn/http_server.rb:696:in `call'
	from /usr/local/lib/ruby/gems/1.9.1/gems/unicorn-4.3.1/lib/unicorn/http_server.rb:696:in `build_app!'
	from /usr/local/lib/ruby/gems/1.9.1/gems/unicorn-4.3.1/lib/unicorn/http_server.rb:136:in `start'
	from /usr/local/lib/ruby/gems/1.9.1/gems/unicorn-4.3.1/bin/unicorn_rails:209:in `<top (required)>'
	from /usr/local/bin/unicorn_rails:23:in `load'
	from /usr/local/bin/unicorn_rails:23:in `<main>'
I, [2012-05-13T08:57:47.024762 #2790]  INFO -- : listening on addr=0.0.0.0:3000 fd=5
I, [2012-05-13T08:57:47.025241 #2790]  INFO -- : Refreshing Gem list
/usr/local/lib/ruby/1.9.1/yaml.rb:56:in `<top (required)>':
It seems your ruby installation is missing psych (for YAML output).
To eliminate this warning, please install libyaml and reinstall your ruby.
I, [2012-05-13T08:57:53.326043 #2790]  INFO -- : master process ready
I, [2012-05-13T08:57:53.336660 #2796]  INFO -- : worker=1 ready
I, [2012-05-13T08:57:53.338201 #2793]  INFO -- : worker=0 ready
I, [2012-05-13T08:57:53.346429 #2799]  INFO -- : worker=2 ready
I, [2012-05-13T08:57:53.348843 #2802]  INFO -- : worker=3 ready
I, [2012-05-13T08:57:53.355302 #2804]  INFO -- : worker=4 ready
/usr/local/lib/ruby/gems/1.9.1/gems/activesupport-3.1.4/lib/active_support/core_ext/string/output_safety.rb:23: warning: regexp match /.../n against to UTF-8 string
/usr/local/lib/ruby/gems/1.9.1/gems/activesupport-3.1.4/lib/active_support/core_ext/string/output_safety.rb:23: warning: regexp match /.../n against to UTF-8 string
/usr/local/lib/ruby/gems/1.9.1/gems/activesupport-3.1.4/lib/active_support/core_ext/string/output_safety.rb:23: warning: regexp match /.../n against to UTF-8 string
/usr/local/lib/ruby/gems/1.9.1/gems/activesupport-3.1.4/lib/active_support/core_ext/string/output_safety.rb:23: warning: regexp match /.../n against to UTF-8 string
/usr/local/lib/ruby/gems/1.9.1/gems/activesupport-3.1.4/lib/active_support/core_ext/string/output_safety.rb:23: warning: regexp match /.../n against to UTF-8 string
/usr/local/lib/ruby/gems/1.9.1/gems/activesupport-3.1.4/lib/active_support/core_ext/string/output_safety.rb:23: warning: regexp match /.../n against to UTF-8 string
I, [2012-05-13T09:10:57.410796 #2790]  INFO -- : reaped #<Process::Status: pid 2793 exit 0> worker=0
I, [2012-05-13T09:10:57.411159 #2790]  INFO -- : reaped #<Process::Status: pid 2796 exit 0> worker=1
I, [2012-05-13T09:10:57.411515 #2790]  INFO -- : reaped #<Process::Status: pid 2799 exit 0> worker=2
I, [2012-05-13T09:10:57.411853 #2790]  INFO -- : reaped #<Process::Status: pid 2802 exit 0> worker=3
I, [2012-05-13T09:10:57.412135 #2790]  INFO -- : reaped #<Process::Status: pid 2804 exit 0> worker=4
I, [2012-05-13T09:10:57.412388 #2790]  INFO -- : master complete
I, [2012-05-13T09:12:23.011818 #3200]  INFO -- : listening on addr=0.0.0.0:3000 fd=5
I, [2012-05-13T09:12:23.012206 #3200]  INFO -- : Refreshing Gem list
/usr/local/lib/ruby/1.9.1/yaml.rb:56:in `<top (required)>':
It seems your ruby installation is missing psych (for YAML output).
To eliminate this warning, please install libyaml and reinstall your ruby.
I, [2012-05-13T09:12:28.484175 #3200]  INFO -- : master process ready
I, [2012-05-13T09:12:28.502046 #3210]  INFO -- : worker=2 ready
I, [2012-05-13T09:12:28.497044 #3204]  INFO -- : worker=0 ready
I, [2012-05-13T09:12:28.504430 #3207]  INFO -- : worker=1 ready
I, [2012-05-13T09:12:28.514045 #3213]  INFO -- : worker=3 ready
I, [2012-05-13T09:12:28.514770 #3215]  INFO -- : worker=4 ready
/usr/local/lib/ruby/gems/1.9.1/gems/activesupport-3.1.4/lib/active_support/core_ext/string/output_safety.rb:23: warning: regexp match /.../n against to UTF-8 string
/usr/local/lib/ruby/gems/1.9.1/gems/activesupport-3.1.4/lib/active_support/core_ext/string/output_safety.rb:23: warning: regexp match /.../n against to UTF-8 string
/usr/local/lib/ruby/gems/1.9.1/gems/activesupport-3.1.4/lib/active_support/core_ext/string/output_safety.rb:23: warning: regexp match /.../n against to UTF-8 string
/usr/local/lib/ruby/gems/1.9.1/gems/activesupport-3.1.4/lib/active_support/core_ext/string/output_safety.rb:23: warning: regexp match /.../n against to UTF-8 string
/usr/local/lib/ruby/gems/1.9.1/gems/activesupport-3.1.4/lib/active_support/core_ext/string/output_safety.rb:23: warning: regexp match /.../n against to UTF-8 string
/usr/local/lib/ruby/gems/1.9.1/gems/activesupport-3.1.4/lib/active_support/core_ext/string/output_safety.rb:23: warning: regexp match /.../n against to UTF-8 string
/usr/local/lib/ruby/gems/1.9.1/gems/activesupport-3.1.4/lib/active_support/core_ext/string/output_safety.rb:23: warning: regexp match /.../n against to UTF-8 string
/usr/local/lib/ruby/gems/1.9.1/gems/activesupport-3.1.4/lib/active_support/core_ext/string/output_safety.rb:23: warning: regexp match /.../n against to UTF-8 string
/usr/local/lib/ruby/gems/1.9.1/gems/activesupport-3.1.4/lib/active_support/core_ext/string/output_safety.rb:23: warning: regexp match /.../n against to UTF-8 string
/usr/local/lib/ruby/gems/1.9.1/gems/activesupport-3.1.4/lib/active_support/core_ext/string/output_safety.rb:23: warning: regexp match /.../n against to UTF-8 string
/usr/local/lib/ruby/gems/1.9.1/gems/activesupport-3.1.4/lib/active_support/core_ext/string/output_safety.rb:23: warning: regexp match /.../n against to UTF-8 string
/usr/local/lib/ruby/gems/1.9.1/gems/activesupport-3.1.4/lib/active_support/core_ext/string/output_safety.rb:23: warning: regexp match /.../n against to UTF-8 string
/usr/local/lib/ruby/gems/1.9.1/gems/activesupport-3.1.4/lib/active_support/core_ext/string/output_safety.rb:23: warning: regexp match /.../n against to UTF-8 string
I, [2012-05-13T09:24:42.668670 #3200]  INFO -- : reloading config_file=config/unicorn.rb
I, [2012-05-13T09:24:42.744678 #3200]  INFO -- : Refreshing Gem list
I, [2012-05-13T09:24:42.754414 #3200]  INFO -- : done reloading config_file=config/unicorn.rb
I, [2012-05-13T09:24:43.013281 #3200]  INFO -- : reaped #<Process::Status: pid 3204 exit 0> worker=0
I, [2012-05-13T09:24:43.060312 #3200]  INFO -- : reaped #<Process::Status: pid 3213 exit 0> worker=3
I, [2012-05-13T09:24:43.069824 #3564]  INFO -- : worker=0 ready
I, [2012-05-13T09:24:43.094267 #3200]  INFO -- : reaped #<Process::Status: pid 3215 exit 0> worker=4
I, [2012-05-13T09:24:43.115772 #3567]  INFO -- : worker=3 ready
I, [2012-05-13T09:24:43.134272 #3200]  INFO -- : reaped #<Process::Status: pid 3210 exit 0> worker=2
I, [2012-05-13T09:24:43.137927 #3570]  INFO -- : worker=4 ready
I, [2012-05-13T09:24:43.154302 #3200]  INFO -- : reaped #<Process::Status: pid 3207 exit 0> worker=1
I, [2012-05-13T09:24:43.162955 #3573]  INFO -- : worker=2 ready
I, [2012-05-13T09:24:43.172701 #3576]  INFO -- : worker=1 ready
I, [2012-05-13T13:24:45.811362 #2244]  INFO -- : listening on addr=0.0.0.0:3000 fd=5
I, [2012-05-13T13:24:45.816376 #2244]  INFO -- : Refreshing Gem list
/usr/local/lib/ruby/1.9.1/yaml.rb:56:in `<top (required)>':
It seems your ruby installation is missing psych (for YAML output).
To eliminate this warning, please install libyaml and reinstall your ruby.
I, [2012-05-13T13:24:56.250148 #2244]  INFO -- : master process ready
I, [2012-05-13T13:24:56.272217 #2250]  INFO -- : worker=1 ready
I, [2012-05-13T13:24:56.277748 #2247]  INFO -- : worker=0 ready
I, [2012-05-13T13:24:56.292394 #2253]  INFO -- : worker=2 ready
I, [2012-05-13T13:24:56.297656 #2259]  INFO -- : worker=4 ready
I, [2012-05-13T13:24:56.304181 #2256]  INFO -- : worker=3 ready
/usr/local/lib/ruby/gems/1.9.1/gems/activesupport-3.1.4/lib/active_support/core_ext/string/output_safety.rb:23: warning: regexp match /.../n against to UTF-8 string
/usr/local/lib/ruby/gems/1.9.1/gems/activesupport-3.1.4/lib/active_support/core_ext/string/output_safety.rb:23: warning: regexp match /.../n against to UTF-8 string
/usr/local/lib/ruby/gems/1.9.1/gems/activesupport-3.1.4/lib/active_support/core_ext/string/output_safety.rb:23: warning: regexp match /.../n against to UTF-8 string
/usr/local/lib/ruby/gems/1.9.1/gems/activesupport-3.1.4/lib/active_support/core_ext/string/output_safety.rb:23: warning: regexp match /.../n against to UTF-8 string
/usr/local/lib/ruby/gems/1.9.1/gems/activesupport-3.1.4/lib/active_support/core_ext/string/output_safety.rb:23: warning: regexp match /.../n against to UTF-8 string
/usr/local/lib/ruby/gems/1.9.1/gems/activesupport-3.1.4/lib/active_support/core_ext/string/output_safety.rb:23: warning: regexp match /.../n against to UTF-8 string
/usr/local/lib/ruby/gems/1.9.1/gems/activesupport-3.1.4/lib/active_support/core_ext/string/output_safety.rb:23: warning: regexp match /.../n against to UTF-8 string
I, [2012-05-14T17:15:44.013737 #2324]  INFO -- : listening on addr=0.0.0.0:3000 fd=5
I, [2012-05-14T17:15:44.021343 #2324]  INFO -- : Refreshing Gem list
/usr/local/lib/ruby/1.9.1/yaml.rb:56:in `<top (required)>':
It seems your ruby installation is missing psych (for YAML output).
To eliminate this warning, please install libyaml and reinstall your ruby.
I, [2012-05-14T17:16:00.176769 #2324]  INFO -- : master process ready
I, [2012-05-14T17:16:00.191641 #2381]  INFO -- : worker=0 ready
I, [2012-05-14T17:16:00.206578 #2383]  INFO -- : worker=1 ready
I, [2012-05-14T17:16:00.232303 #2392]  INFO -- : worker=4 ready
I, [2012-05-14T17:16:00.238869 #2387]  INFO -- : worker=2 ready
I, [2012-05-14T17:16:00.241123 #2390]  INFO -- : worker=3 ready
/usr/local/lib/ruby/gems/1.9.1/gems/activesupport-3.1.4/lib/active_support/core_ext/string/output_safety.rb:23: warning: regexp match /.../n against to UTF-8 string
/usr/local/lib/ruby/gems/1.9.1/gems/activesupport-3.1.4/lib/active_support/core_ext/string/output_safety.rb:23: warning: regexp match /.../n against to UTF-8 string
/usr/local/lib/ruby/gems/1.9.1/gems/activesupport-3.1.4/lib/active_support/core_ext/string/output_safety.rb:23: warning: regexp match /.../n against to UTF-8 string
/usr/local/lib/ruby/gems/1.9.1/gems/activesupport-3.1.4/lib/active_support/core_ext/string/output_safety.rb:23: warning: regexp match /.../n against to UTF-8 string
/usr/local/lib/ruby/gems/1.9.1/gems/activesupport-3.1.4/lib/active_support/core_ext/string/output_safety.rb:23: warning: regexp match /.../n against to UTF-8 string
/usr/local/lib/ruby/gems/1.9.1/gems/activesupport-3.1.4/lib/active_support/core_ext/string/output_safety.rb:23: warning: regexp match /.../n against to UTF-8 string
I, [2012-05-14T17:36:36.761650 #2324]  INFO -- : reaped #<Process::Status: pid 2383 exit 0> worker=1
I, [2012-05-14T17:36:36.893584 #2324]  INFO -- : reaped #<Process::Status: pid 2381 exit 0> worker=0
I, [2012-05-14T17:36:36.894023 #2324]  INFO -- : reaped #<Process::Status: pid 2387 exit 0> worker=2
I, [2012-05-14T17:36:36.894305 #2324]  INFO -- : reaped #<Process::Status: pid 2390 exit 0> worker=3
I, [2012-05-14T17:36:36.894661 #2324]  INFO -- : reaped #<Process::Status: pid 2392 exit 0> worker=4
I, [2012-05-14T17:36:36.895299 #2324]  INFO -- : master complete
I, [2012-05-15T06:43:48.832173 #2313]  INFO -- : listening on addr=0.0.0.0:3000 fd=5
I, [2012-05-15T06:43:48.837829 #2313]  INFO -- : Refreshing Gem list
/usr/local/lib/ruby/1.9.1/yaml.rb:56:in `<top (required)>':
It seems your ruby installation is missing psych (for YAML output).
To eliminate this warning, please install libyaml and reinstall your ruby.
I, [2012-05-15T06:43:58.925753 #2313]  INFO -- : master process ready
I, [2012-05-15T06:43:58.943806 #2333]  INFO -- : worker=0 ready
I, [2012-05-15T06:43:58.946989 #2336]  INFO -- : worker=1 ready
I, [2012-05-15T06:43:58.959796 #2342]  INFO -- : worker=3 ready
I, [2012-05-15T06:43:58.970990 #2339]  INFO -- : worker=2 ready
I, [2012-05-15T06:43:58.972890 #2345]  INFO -- : worker=4 ready
/usr/local/lib/ruby/gems/1.9.1/gems/activesupport-3.1.4/lib/active_support/core_ext/string/output_safety.rb:23: warning: regexp match /.../n against to UTF-8 string
/usr/local/lib/ruby/gems/1.9.1/gems/activesupport-3.1.4/lib/active_support/core_ext/string/output_safety.rb:23: warning: regexp match /.../n against to UTF-8 string
/usr/local/lib/ruby/gems/1.9.1/gems/activesupport-3.1.4/lib/active_support/core_ext/string/output_safety.rb:23: warning: regexp match /.../n against to UTF-8 string
/usr/local/lib/ruby/gems/1.9.1/gems/activesupport-3.1.4/lib/active_support/core_ext/string/output_safety.rb:23: warning: regexp match /.../n against to UTF-8 string
/usr/local/lib/ruby/gems/1.9.1/gems/activesupport-3.1.4/lib/active_support/core_ext/string/output_safety.rb:23: warning: regexp match /.../n against to UTF-8 string
/usr/local/lib/ruby/gems/1.9.1/gems/activesupport-3.1.4/lib/active_support/core_ext/string/output_safety.rb:23: warning: regexp match /.../n against to UTF-8 string
/usr/local/lib/ruby/gems/1.9.1/gems/activesupport-3.1.4/lib/active_support/core_ext/string/output_safety.rb:23: warning: regexp match /.../n against to UTF-8 string
/usr/local/lib/ruby/gems/1.9.1/gems/activesupport-3.1.4/lib/active_support/core_ext/string/output_safety.rb:23: warning: regexp match /.../n against to UTF-8 string
/usr/local/lib/ruby/gems/1.9.1/gems/activesupport-3.1.4/lib/active_support/core_ext/string/output_safety.rb:23: warning: regexp match /.../n against to UTF-8 string
/usr/local/lib/ruby/gems/1.9.1/gems/activesupport-3.1.4/lib/active_support/core_ext/string/output_safety.rb:23: warning: regexp match /.../n against to UTF-8 string
/usr/local/lib/ruby/gems/1.9.1/gems/activesupport-3.1.4/lib/active_support/core_ext/string/output_safety.rb:23: warning: regexp match /.../n against to UTF-8 string
/usr/local/lib/ruby/gems/1.9.1/gems/activesupport-3.1.4/lib/active_support/core_ext/string/output_safety.rb:23: warning: regexp match /.../n against to UTF-8 string
/usr/local/lib/ruby/gems/1.9.1/gems/activesupport-3.1.4/lib/active_support/core_ext/string/output_safety.rb:23: warning: regexp match /.../n against to UTF-8 string
/usr/local/lib/ruby/gems/1.9.1/gems/activesupport-3.1.4/lib/active_support/core_ext/string/output_safety.rb:23: warning: regexp match /.../n against to UTF-8 string
/usr/local/lib/ruby/gems/1.9.1/gems/activesupport-3.1.4/lib/active_support/core_ext/string/output_safety.rb:23: warning: regexp match /.../n against to UTF-8 string
/usr/local/lib/ruby/gems/1.9.1/gems/activesupport-3.1.4/lib/active_support/core_ext/string/output_safety.rb:23: warning: regexp match /.../n against to UTF-8 string
/usr/local/lib/ruby/gems/1.9.1/gems/activesupport-3.1.4/lib/active_support/core_ext/string/output_safety.rb:23: warning: regexp match /.../n against to UTF-8 string
/usr/local/lib/ruby/gems/1.9.1/gems/activesupport-3.1.4/lib/active_support/core_ext/string/output_safety.rb:23: warning: regexp match /.../n against to UTF-8 string
/usr/local/lib/ruby/gems/1.9.1/gems/activesupport-3.1.4/lib/active_support/core_ext/string/output_safety.rb:23: warning: regexp match /.../n against to UTF-8 string
/usr/local/lib/ruby/gems/1.9.1/gems/activesupport-3.1.4/lib/active_support/core_ext/string/output_safety.rb:23: warning: regexp match /.../n against to UTF-8 string
/usr/local/lib/ruby/gems/1.9.1/gems/activesupport-3.1.4/lib/active_support/core_ext/string/output_safety.rb:23: warning: regexp match /.../n against to UTF-8 string
/usr/local/lib/ruby/gems/1.9.1/gems/activesupport-3.1.4/lib/active_support/core_ext/string/output_safety.rb:23: warning: regexp match /.../n against to UTF-8 string
/usr/local/lib/ruby/gems/1.9.1/gems/activesupport-3.1.4/lib/active_support/core_ext/string/output_safety.rb:23: warning: regexp match /.../n against to UTF-8 string
/usr/local/lib/ruby/gems/1.9.1/gems/activesupport-3.1.4/lib/active_support/core_ext/string/output_safety.rb:23: warning: regexp match /.../n against to UTF-8 string
/usr/local/lib/ruby/gems/1.9.1/gems/activesupport-3.1.4/lib/active_support/core_ext/string/output_safety.rb:23: warning: regexp match /.../n against to UTF-8 string
/usr/local/lib/ruby/gems/1.9.1/gems/activesupport-3.1.4/lib/active_support/core_ext/string/output_safety.rb:23: warning: regexp match /.../n against to UTF-8 string
/usr/local/lib/ruby/gems/1.9.1/gems/activesupport-3.1.4/lib/active_support/core_ext/string/output_safety.rb:23: warning: regexp match /.../n against to UTF-8 string
/usr/local/lib/ruby/gems/1.9.1/gems/activesupport-3.1.4/lib/active_support/core_ext/string/output_safety.rb:23: warning: regexp match /.../n against to UTF-8 string
/usr/local/lib/ruby/gems/1.9.1/gems/activesupport-3.1.4/lib/active_support/core_ext/string/output_safety.rb:23: warning: regexp match /.../n against to UTF-8 string
/usr/local/lib/ruby/gems/1.9.1/gems/activesupport-3.1.4/lib/active_support/core_ext/string/output_safety.rb:23: warning: regexp match /.../n against to UTF-8 string
/usr/local/lib/ruby/gems/1.9.1/gems/activesupport-3.1.4/lib/active_support/core_ext/string/output_safety.rb:23: warning: regexp match /.../n against to UTF-8 string
/usr/local/lib/ruby/gems/1.9.1/gems/activesupport-3.1.4/lib/active_support/core_ext/string/output_safety.rb:23: warning: regexp match /.../n against to UTF-8 string
/usr/local/lib/ruby/gems/1.9.1/gems/activesupport-3.1.4/lib/active_support/core_ext/string/output_safety.rb:23: warning: regexp match /.../n against to UTF-8 string
/usr/local/lib/ruby/gems/1.9.1/gems/activesupport-3.1.4/lib/active_support/core_ext/string/output_safety.rb:23: warning: regexp match /.../n against to UTF-8 string
/usr/local/lib/ruby/gems/1.9.1/gems/activesupport-3.1.4/lib/active_support/core_ext/string/output_safety.rb:23: warning: regexp match /.../n against to UTF-8 string
/usr/local/lib/ruby/gems/1.9.1/gems/activesupport-3.1.4/lib/active_support/core_ext/string/output_safety.rb:23: warning: regexp match /.../n against to UTF-8 string
/usr/local/lib/ruby/gems/1.9.1/gems/activesupport-3.1.4/lib/active_support/core_ext/string/output_safety.rb:23: warning: regexp match /.../n against to UTF-8 string
/usr/local/lib/ruby/gems/1.9.1/gems/activesupport-3.1.4/lib/active_support/core_ext/string/output_safety.rb:23: warning: regexp match /.../n against to UTF-8 string
/usr/local/lib/ruby/gems/1.9.1/gems/activesupport-3.1.4/lib/active_support/core_ext/string/output_safety.rb:23: warning: regexp match /.../n against to UTF-8 string
/usr/local/lib/ruby/gems/1.9.1/gems/activesupport-3.1.4/lib/active_support/core_ext/string/output_safety.rb:23: warning: regexp match /.../n against to UTF-8 string
/usr/local/lib/ruby/gems/1.9.1/gems/activesupport-3.1.4/lib/active_support/core_ext/string/output_safety.rb:23: warning: regexp match /.../n against to UTF-8 string
/usr/local/lib/ruby/gems/1.9.1/gems/activesupport-3.1.4/lib/active_support/core_ext/string/output_safety.rb:23: warning: regexp match /.../n against to UTF-8 string
I, [2012-05-15T07:24:23.413917 #2313]  INFO -- : reaped #<Process::Status: pid 2333 exit 0> worker=0
I, [2012-05-15T07:24:23.414251 #2313]  INFO -- : reaped #<Process::Status: pid 2336 exit 0> worker=1
I, [2012-05-15T07:24:23.414648 #2313]  INFO -- : reaped #<Process::Status: pid 2339 exit 0> worker=2
I, [2012-05-15T07:24:23.414960 #2313]  INFO -- : reaped #<Process::Status: pid 2342 exit 0> worker=3
I, [2012-05-15T07:24:23.415170 #2313]  INFO -- : reaped #<Process::Status: pid 2345 exit 0> worker=4
I, [2012-05-15T07:24:23.415530 #2313]  INFO -- : master complete
I, [2012-05-15T11:21:25.893487 #3440]  INFO -- : listening on addr=0.0.0.0:3000 fd=5
I, [2012-05-15T11:21:25.893909 #3440]  INFO -- : Refreshing Gem list
/usr/local/lib/ruby/1.9.1/yaml.rb:56:in `<top (required)>':
It seems your ruby installation is missing psych (for YAML output).
To eliminate this warning, please install libyaml and reinstall your ruby.
I, [2012-05-15T11:21:36.546814 #3440]  INFO -- : master process ready
I, [2012-05-15T11:21:36.572761 #3443]  INFO -- : worker=0 ready
I, [2012-05-15T11:21:36.573770 #3446]  INFO -- : worker=1 ready
I, [2012-05-15T11:21:36.586845 #3449]  INFO -- : worker=2 ready
I, [2012-05-15T11:21:36.593554 #3455]  INFO -- : worker=4 ready
I, [2012-05-15T11:21:36.594082 #3452]  INFO -- : worker=3 ready
/usr/local/lib/ruby/gems/1.9.1/gems/activesupport-3.1.4/lib/active_support/core_ext/string/output_safety.rb:23: warning: regexp match /.../n against to UTF-8 string
I, [2012-05-15T13:28:10.070752 #3440]  INFO -- : reaped #<Process::Status: pid 3443 exit 0> worker=0
I, [2012-05-15T13:28:10.071105 #3440]  INFO -- : reaped #<Process::Status: pid 3446 exit 0> worker=1
I, [2012-05-15T13:28:10.071307 #3440]  INFO -- : reaped #<Process::Status: pid 3449 exit 0> worker=2
I, [2012-05-15T13:28:10.071513 #3440]  INFO -- : reaped #<Process::Status: pid 3452 exit 0> worker=3
I, [2012-05-15T13:28:10.071699 #3440]  INFO -- : reaped #<Process::Status: pid 3455 exit 0> worker=4
I, [2012-05-15T13:28:10.072003 #3440]  INFO -- : master complete
I, [2012-05-17T13:03:57.960152 #2227]  INFO -- : listening on addr=0.0.0.0:3000 fd=5
I, [2012-05-17T13:03:58.007983 #2227]  INFO -- : Refreshing Gem list
/usr/local/lib/ruby/1.9.1/yaml.rb:56:in `<top (required)>':
It seems your ruby installation is missing psych (for YAML output).
To eliminate this warning, please install libyaml and reinstall your ruby.
I, [2012-05-17T13:04:09.008278 #2227]  INFO -- : master process ready
I, [2012-05-17T13:04:09.036157 #2239]  INFO -- : worker=0 ready
I, [2012-05-17T13:04:09.042362 #2245]  INFO -- : worker=2 ready
I, [2012-05-17T13:04:09.036249 #2242]  INFO -- : worker=1 ready
I, [2012-05-17T13:04:09.044277 #2248]  INFO -- : worker=3 ready
I, [2012-05-17T13:04:09.051575 #2250]  INFO -- : worker=4 ready
/usr/local/lib/ruby/gems/1.9.1/gems/activesupport-3.1.4/lib/active_support/core_ext/string/output_safety.rb:23: warning: regexp match /.../n against to UTF-8 string
/usr/local/lib/ruby/gems/1.9.1/gems/activesupport-3.1.4/lib/active_support/core_ext/string/output_safety.rb:23: warning: regexp match /.../n against to UTF-8 string
/usr/local/lib/ruby/gems/1.9.1/gems/activesupport-3.1.4/lib/active_support/core_ext/string/output_safety.rb:23: warning: regexp match /.../n against to UTF-8 string
/usr/local/lib/ruby/gems/1.9.1/gems/activesupport-3.1.4/lib/active_support/core_ext/string/output_safety.rb:23: warning: regexp match /.../n against to UTF-8 string
/usr/local/lib/ruby/gems/1.9.1/gems/activesupport-3.1.4/lib/active_support/core_ext/string/output_safety.rb:23: warning: regexp match /.../n against to UTF-8 string
/usr/local/lib/ruby/gems/1.9.1/gems/activesupport-3.1.4/lib/active_support/core_ext/string/output_safety.rb:23: warning: regexp match /.../n against to UTF-8 string
/usr/local/lib/ruby/gems/1.9.1/gems/activesupport-3.1.4/lib/active_support/core_ext/string/output_safety.rb:23: warning: regexp match /.../n against to UTF-8 string
/usr/local/lib/ruby/gems/1.9.1/gems/activesupport-3.1.4/lib/active_support/core_ext/string/output_safety.rb:23: warning: regexp match /.../n against to UTF-8 string
/usr/local/lib/ruby/gems/1.9.1/gems/activesupport-3.1.4/lib/active_support/core_ext/string/output_safety.rb:23: warning: regexp match /.../n against to UTF-8 string
/usr/local/lib/ruby/gems/1.9.1/gems/activesupport-3.1.4/lib/active_support/core_ext/string/output_safety.rb:23: warning: regexp match /.../n against to UTF-8 string
/usr/local/lib/ruby/gems/1.9.1/gems/activesupport-3.1.4/lib/active_support/core_ext/string/output_safety.rb:23: warning: regexp match /.../n against to UTF-8 string
/usr/local/lib/ruby/gems/1.9.1/gems/activesupport-3.1.4/lib/active_support/core_ext/string/output_safety.rb:23: warning: regexp match /.../n against to UTF-8 string
/usr/local/lib/ruby/gems/1.9.1/gems/activesupport-3.1.4/lib/active_support/core_ext/string/output_safety.rb:23: warning: regexp match /.../n against to UTF-8 string
/usr/local/lib/ruby/gems/1.9.1/gems/activesupport-3.1.4/lib/active_support/core_ext/string/output_safety.rb:23: warning: regexp match /.../n against to UTF-8 string
/usr/local/lib/ruby/gems/1.9.1/gems/activesupport-3.1.4/lib/active_support/core_ext/string/output_safety.rb:23: warning: regexp match /.../n against to UTF-8 string
/usr/local/lib/ruby/gems/1.9.1/gems/activesupport-3.1.4/lib/active_support/core_ext/string/output_safety.rb:23: warning: regexp match /.../n against to UTF-8 string
I, [2012-05-17T13:46:03.607258 #2227]  INFO -- : reaped #<Process::Status: pid 2239 exit 0> worker=0
I, [2012-05-17T13:46:03.607543 #2227]  INFO -- : reaped #<Process::Status: pid 2242 exit 0> worker=1
I, [2012-05-17T13:46:03.607755 #2227]  INFO -- : reaped #<Process::Status: pid 2245 exit 0> worker=2
I, [2012-05-17T13:46:03.607915 #2227]  INFO -- : reaped #<Process::Status: pid 2248 exit 0> worker=3
I, [2012-05-17T13:46:03.608070 #2227]  INFO -- : reaped #<Process::Status: pid 2250 exit 0> worker=4
I, [2012-05-17T13:46:03.608293 #2227]  INFO -- : master complete
I, [2012-05-18T00:27:46.770765 #2785]  INFO -- : listening on addr=0.0.0.0:3000 fd=5
I, [2012-05-18T00:27:46.775125 #2785]  INFO -- : Refreshing Gem list
/usr/local/lib/ruby/1.9.1/yaml.rb:56:in `<top (required)>':
It seems your ruby installation is missing psych (for YAML output).
To eliminate this warning, please install libyaml and reinstall your ruby.
I, [2012-05-18T00:27:55.544598 #2785]  INFO -- : master process ready
I, [2012-05-18T00:27:55.553754 #2797]  INFO -- : worker=0 ready
I, [2012-05-18T00:27:55.559749 #2800]  INFO -- : worker=1 ready
I, [2012-05-18T00:27:55.570144 #2803]  INFO -- : worker=2 ready
I, [2012-05-18T00:27:55.571562 #2806]  INFO -- : worker=3 ready
I, [2012-05-18T00:27:55.576274 #2808]  INFO -- : worker=4 ready
/usr/local/lib/ruby/gems/1.9.1/gems/activesupport-3.1.4/lib/active_support/core_ext/string/output_safety.rb:23: warning: regexp match /.../n against to UTF-8 string
/usr/local/lib/ruby/gems/1.9.1/gems/activesupport-3.1.4/lib/active_support/core_ext/string/output_safety.rb:23: warning: regexp match /.../n against to UTF-8 string
/usr/local/lib/ruby/gems/1.9.1/gems/activesupport-3.1.4/lib/active_support/core_ext/string/output_safety.rb:23: warning: regexp match /.../n against to UTF-8 string
/usr/local/lib/ruby/gems/1.9.1/gems/activesupport-3.1.4/lib/active_support/core_ext/string/output_safety.rb:23: warning: regexp match /.../n against to UTF-8 string
/usr/local/lib/ruby/gems/1.9.1/gems/activesupport-3.1.4/lib/active_support/core_ext/string/output_safety.rb:23: warning: regexp match /.../n against to UTF-8 string
/usr/local/lib/ruby/gems/1.9.1/gems/activesupport-3.1.4/lib/active_support/core_ext/string/output_safety.rb:23: warning: regexp match /.../n against to UTF-8 string
/usr/local/lib/ruby/gems/1.9.1/gems/activesupport-3.1.4/lib/active_support/core_ext/string/output_safety.rb:23: warning: regexp match /.../n against to UTF-8 string
/usr/local/lib/ruby/gems/1.9.1/gems/activesupport-3.1.4/lib/active_support/core_ext/string/output_safety.rb:23: warning: regexp match /.../n against to UTF-8 string
/usr/local/lib/ruby/gems/1.9.1/gems/activesupport-3.1.4/lib/active_support/core_ext/string/output_safety.rb:23: warning: regexp match /.../n against to UTF-8 string
/usr/local/lib/ruby/gems/1.9.1/gems/activesupport-3.1.4/lib/active_support/core_ext/string/output_safety.rb:23: warning: regexp match /.../n against to UTF-8 string
I, [2012-05-18T08:35:28.179773 #2785]  INFO -- : reloading config_file=config/unicorn.rb
I, [2012-05-18T08:35:28.291684 #2785]  INFO -- : Refreshing Gem list
I, [2012-05-18T08:35:28.303648 #2785]  INFO -- : done reloading config_file=config/unicorn.rb
I, [2012-05-18T08:35:28.559936 #2785]  INFO -- : reaped #<Process::Status: pid 2808 exit 0> worker=4
I, [2012-05-18T08:35:28.595332 #2785]  INFO -- : reaped #<Process::Status: pid 2800 exit 0> worker=1
I, [2012-05-18T08:35:28.606311 #2956]  INFO -- : worker=4 ready
I, [2012-05-18T08:35:28.608502 #2785]  INFO -- : reaped #<Process::Status: pid 2803 exit 0> worker=2
I, [2012-05-18T08:35:28.623812 #2785]  INFO -- : reaped #<Process::Status: pid 2797 exit 0> worker=0
I, [2012-05-18T08:35:28.637936 #2961]  INFO -- : worker=2 ready
I, [2012-05-18T08:35:28.639769 #2959]  INFO -- : worker=1 ready
I, [2012-05-18T08:35:28.648499 #2965]  INFO -- : worker=0 ready
I, [2012-05-18T08:35:28.658976 #2785]  INFO -- : reaped #<Process::Status: pid 2806 exit 0> worker=3
I, [2012-05-18T08:35:28.674145 #2968]  INFO -- : worker=3 ready
